<?xml version="1.0" encoding="UTF-8"?>
<!-- Generated by org.testng.reporters.JUnitReportReporter -->
<testsuite hostname="DESKTOP-5FFC3DG" failures="0" tests="1" name="utils.TestNGExcel" time="0.024" errors="0" timestamp="2023-12-08T11:00:20 IST" skipped="0">
  <testcase classname="utils.TestNGExcel" name="test1" time="0.024"/>
</testsuite> <!-- utils.TestNGExcel -->
