<?xml version="1.0" encoding="UTF-8"?>
<!-- Generated by org.testng.reporters.JUnitReportReporter -->
<testsuite hostname="DESKTOP-5FFC3DG" failures="0" tests="2" name="dd.testNG2" time="30.008" errors="0" timestamp="2023-12-07T11:05:11 IST" skipped="0">
  <testcase classname="dd.testNG2" name="test" time="20.830"/>
  <testcase classname="dd.testNG2" name="test3" time="9.178"/>
</testsuite> <!-- dd.testNG2 -->
