<?xml version="1.0" encoding="UTF-8"?>
<!-- Generated by org.testng.reporters.JUnitReportReporter -->
<testsuite hostname="DESKTOP-5FFC3DG" failures="0" tests="3" name="multibrowsing.TestsNGParallel" time="0.072" errors="0" timestamp="2023-12-08T15:49:31 IST" skipped="0">
  <testcase classname="multibrowsing.TestsNGParallel" name="test" time="0.024"/>
  <testcase classname="multibrowsing.TestsNGParallel" name="test" time="0.023"/>
  <testcase classname="multibrowsing.TestsNGParallel" name="test" time="0.025"/>
</testsuite> <!-- multibrowsing.TestsNGParallel -->
