<?xml version="1.0" encoding="UTF-8"?>
<!-- Generated by org.testng.reporters.JUnitReportReporter -->
<testsuite hostname="DESKTOP-5FFC3DG" failures="0" tests="1" name="dd.ExtentReportTestNG" time="7.991" errors="0" timestamp="2023-12-07T08:32:44 IST" skipped="0">
  <testcase classname="dd.ExtentReportTestNG" name="test" time="7.991"/>
</testsuite> <!-- dd.ExtentReportTestNG -->
