<?xml version="1.0" encoding="UTF-8"?>
<!-- Generated by org.testng.reporters.JUnitReportReporter -->
<testsuite hostname="DESKTOP-5FFC3DG" failures="0" tests="4" name="dependencies.TestNGListenerDemo" time="0.026" errors="0" timestamp="2023-12-10T20:06:50 IST" skipped="2">
  <testcase classname="dependencies.TestNGListenerDemo" name="test2" time="0.022"/>
  <testcase classname="dependencies.TestNGListenerDemo" name="test4" time="0.004"/>
  <testcase classname="dependencies.TestNGListenerDemo" name="test1">
    <skipped/>
  </testcase> <!-- test1 -->
  <testcase classname="dependencies.TestNGListenerDemo" name="test3">
    <skipped/>
  </testcase> <!-- test3 -->
</testsuite> <!-- dependencies.TestNGListenerDemo -->
