<?xml version="1.0" encoding="UTF-8"?>
<!-- Generated by org.testng.reporters.JUnitReportReporter -->
<testsuite hostname="DESKTOP-5FFC3DG" failures="0" tests="1" name="parameter.TestNGListenerDemo" time="0.022" errors="0" timestamp="2023-12-10T19:46:58 IST" skipped="0">
  <testcase classname="parameter.TestNGListenerDemo" name="test4" time="0.022"/>
</testsuite> <!-- parameter.TestNGListenerDemo -->
