<?xml version="1.0" encoding="UTF-8"?>
<!-- Generated by org.testng.reporters.JUnitReportReporter -->
<testsuite hostname="DESKTOP-5FFC3DG" failures="0" tests="4" name="groups.TestNGListenerDemo" time="0.032" errors="0" timestamp="2023-12-10T18:48:26 IST" skipped="0">
  <testcase classname="groups.TestNGListenerDemo" name="test4" time="0.004"/>
  <testcase classname="groups.TestNGListenerDemo" name="test3" time="0.005"/>
  <testcase classname="groups.TestNGListenerDemo" name="test1" time="0.019"/>
  <testcase classname="groups.TestNGListenerDemo" name="test2" time="0.004"/>
</testsuite> <!-- groups.TestNGListenerDemo -->
