<?xml version="1.0" encoding="UTF-8"?>
<!-- Generated by org.testng.reporters.JUnitReportReporter -->
<testsuite hostname="DESKTOP-5FFC3DG" failures="0" tests="3" name="Priority.TestNGListenerDemo" time="0.024" errors="0" timestamp="2023-12-08T13:59:52 IST" skipped="0">
  <testcase classname="Priority.TestNGListenerDemo" name="testB" time="0.017"/>
  <testcase classname="Priority.TestNGListenerDemo" name="test1" time="0.003"/>
  <testcase classname="Priority.TestNGListenerDemo" name="testA" time="0.004"/>
</testsuite> <!-- Priority.TestNGListenerDemo -->
